/*C2*/SET SCHEMA PUBLIC
CREATE TABLE IF NOT EXISTS AL_CONFIGURATION ( PROPERTY_NAME VARCHAR(255) NOT NULL UNIQUE , PROPERTY_VALUE LONGVARCHAR ) 
CREATE TABLE IF NOT EXISTS AL_GROUPS ( GROUP_NAME VARCHAR(255) NOT NULL PRIMARY KEY , DESCRIPTION LONGVARCHAR ) 
CREATE TABLE IF NOT EXISTS AL_TABLES ( TABLE_NAME VARCHAR(255) NOT NULL PRIMARY KEY , GROUP_NAME VARCHAR(255) , DESCRIPTION LONGVARCHAR ) 
CREATE TABLE IF NOT EXISTS AL_CUSTOM_TYPE ( TABLE_NAME VARCHAR(255) , COLUMN_NAME VARCHAR(255) , TYPE VARCHAR(255) , NAME VARCHAR(255) ) 
CREATE TABLE IF NOT EXISTS AL_VIEWS ( VIEW_NAME VARCHAR(255) NOT NULL UNIQUE , VIEW_DEFINITION LONGVARCHAR , IS_VALID BOOLEAN ) 
CREATE TABLE IF NOT EXISTS AL_SELECTED_LOG_OBJECTS ( NAME VARCHAR(255) NOT NULL UNIQUE , TYPE VARCHAR(255) ) 
CREATE TABLE IF NOT EXISTS AL_DB_OBJECTS ( NAME VARCHAR(255) NOT NULL UNIQUE , TYPE VARCHAR(255) , USAGE VARCHAR(255) ) 
/*C3*/SET SCHEMA PUBLIC
DELETE FROM CUSTOMER_SAMPLE WHERE AL_ID=1450
DELETE FROM CUSTOMER_SAMPLE WHERE AL_ID=1451
DELETE FROM CUSTOMER_SAMPLE WHERE AL_ID=1452
DELETE FROM CUSTOMER_SAMPLE WHERE AL_ID=1453
DELETE FROM CUSTOMER_SAMPLE WHERE AL_ID=1454
DELETE FROM CUSTOMER_SAMPLE WHERE AL_ID=1455
DELETE FROM CUSTOMER_SAMPLE WHERE AL_ID=1456
DELETE FROM CUSTOMER_SAMPLE WHERE AL_ID=1457
DELETE FROM CUSTOMER_SAMPLE WHERE AL_ID=1458
DELETE FROM CUSTOMER_SAMPLE WHERE AL_ID=1459
DELETE FROM CUSTOMER_SAMPLE WHERE AL_ID=1460
DELETE FROM CUSTOMER_SAMPLE WHERE AL_ID=1461
DELETE FROM CUSTOMER_SAMPLE WHERE AL_ID=1462
DELETE FROM CUSTOMER_SAMPLE WHERE AL_ID=1463
DELETE FROM CUSTOMER_SAMPLE WHERE AL_ID=1464
DELETE FROM CUSTOMER_SAMPLE WHERE AL_ID=1465
DELETE FROM CUSTOMER_SAMPLE WHERE AL_ID=1466
DELETE FROM CUSTOMER_SAMPLE WHERE AL_ID=1467
DELETE FROM CUSTOMER_SAMPLE WHERE AL_ID=1468
DELETE FROM CUSTOMER_SAMPLE WHERE AL_ID=1469
DELETE FROM CUSTOMER_SAMPLE WHERE AL_ID=1470
DELETE FROM CUSTOMER_SAMPLE WHERE AL_ID=1471
DELETE FROM CUSTOMER_SAMPLE WHERE AL_ID=1472
DELETE FROM CUSTOMER_SAMPLE WHERE AL_ID=1473
DELETE FROM CUSTOMER_SAMPLE WHERE AL_ID=1474
DELETE FROM CUSTOMER_SAMPLE WHERE AL_ID=1475
DELETE FROM CUSTOMER_SAMPLE WHERE AL_ID=1476
DELETE FROM CUSTOMER_SAMPLE WHERE AL_ID=1477
DELETE FROM CUSTOMER_SAMPLE WHERE AL_ID=1478
DELETE FROM CUSTOMER_SAMPLE WHERE AL_ID=1479
DELETE FROM CUSTOMER_SAMPLE WHERE AL_ID=1480
DELETE FROM CUSTOMER_SAMPLE WHERE AL_ID=1481
DELETE FROM CUSTOMER_SAMPLE WHERE AL_ID=1482
DELETE FROM CUSTOMER_SAMPLE WHERE AL_ID=1483
DELETE FROM CUSTOMER_SAMPLE WHERE AL_ID=1484
DELETE FROM CUSTOMER_SAMPLE WHERE AL_ID=1485
DELETE FROM CUSTOMER_SAMPLE WHERE AL_ID=1486
DELETE FROM CUSTOMER_SAMPLE WHERE AL_ID=1487
DELETE FROM CUSTOMER_SAMPLE WHERE AL_ID=1488
DELETE FROM CUSTOMER_SAMPLE WHERE AL_ID=1489
DELETE FROM CUSTOMER_SAMPLE WHERE AL_ID=1490
DELETE FROM CUSTOMER_SAMPLE WHERE AL_ID=1491
DELETE FROM CUSTOMER_SAMPLE WHERE AL_ID=1492
DELETE FROM CUSTOMER_SAMPLE WHERE AL_ID=1493
DELETE FROM CUSTOMER_SAMPLE WHERE AL_ID=1494
DELETE FROM CUSTOMER_SAMPLE WHERE AL_ID=1495
DELETE FROM CUSTOMER_SAMPLE WHERE AL_ID=1496
DELETE FROM CUSTOMER_SAMPLE WHERE AL_ID=1497
DELETE FROM CUSTOMER_SAMPLE WHERE AL_ID=1498
DELETE FROM CUSTOMER_SAMPLE WHERE AL_ID=1499
INSERT INTO CUSTOMER_SAMPLE VALUES(1500,1,185,116.20296E0,40.0953E0,0.585E0,1.034E0)
INSERT INTO CUSTOMER_SAMPLE VALUES(1501,2,888,116.2381E0,40.109921E0,0.299E0,2.339E0)
INSERT INTO CUSTOMER_SAMPLE VALUES(1502,3,423,116.480968E0,39.799028E0,0.02E0,0.027E0)
INSERT INTO CUSTOMER_SAMPLE VALUES(1503,4,360,116.404202E0,39.871644E0,0.1E0,0.179E0)
INSERT INTO CUSTOMER_SAMPLE VALUES(1504,5,660,116.478334E0,40.011218E0,0.022E0,0.036E0)
INSERT INTO CUSTOMER_SAMPLE VALUES(1505,6,662,116.515665E0,40.024256E0,0.16E0,0.303E0)
INSERT INTO CUSTOMER_SAMPLE VALUES(1506,7,137,116.108802E0,39.759928E0,0.189E0,0.307E0)
INSERT INTO CUSTOMER_SAMPLE VALUES(1507,8,322,116.136891E0,39.708096E0,0.028E0,0.1E0)
INSERT INTO CUSTOMER_SAMPLE VALUES(1508,9,631,116.329853E0,40.07124E0,0.013E0,0.07E0)
INSERT INTO CUSTOMER_SAMPLE VALUES(1509,10,689,116.500231E0,39.829239E0,0.073E0,0.75E0)
INSERT INTO CUSTOMER_SAMPLE VALUES(1510,11,559,116.215001E0,39.708383E0,0.098E0,0.149E0)
INSERT INTO CUSTOMER_SAMPLE VALUES(1511,12,550,116.534073E0,39.91682E0,0.292E0,0.453E0)
INSERT INTO CUSTOMER_SAMPLE VALUES(1512,13,582,116.46074E0,40.024667E0,0.07E0,0.424E0)
INSERT INTO CUSTOMER_SAMPLE VALUES(1513,14,606,116.410587E0,39.828141E0,0.02E0,0.178E0)
INSERT INTO CUSTOMER_SAMPLE VALUES(1514,15,943,116.350866E0,39.85028E0,0.176E0,0.318E0)
INSERT INTO CUSTOMER_SAMPLE VALUES(1515,16,901,116.27139E0,40.01275E0,0.199E0,0.394E0)
INSERT INTO CUSTOMER_SAMPLE VALUES(1516,17,121,116.201915E0,40.035121E0,0.247E0,0.586E0)
INSERT INTO CUSTOMER_SAMPLE VALUES(1517,18,763,116.529017E0,39.853557E0,0.099E0,0.192E0)
INSERT INTO CUSTOMER_SAMPLE VALUES(1518,19,972,116.140968E0,39.832756E0,0.258E0,0.685E0)
INSERT INTO CUSTOMER_SAMPLE VALUES(1519,20,303,116.358717E0,40.008133E0,0.276E0,0.439E0)
INSERT INTO CUSTOMER_SAMPLE VALUES(1520,21,247,116.569061E0,40.066667E0,1.144E0,1.836E0)
INSERT INTO CUSTOMER_SAMPLE VALUES(1521,22,17,116.408698E0,39.766474E0,0.452E0,4.423E0)
INSERT INTO CUSTOMER_SAMPLE VALUES(1522,23,140,116.271488E0,39.722942E0,0.127E0,0.185E0)
INSERT INTO CUSTOMER_SAMPLE VALUES(1523,24,101,116.448991E0,39.850945E0,0.238E0,2.029E0)
INSERT INTO CUSTOMER_SAMPLE VALUES(1524,25,255,116.520156E0,39.944703E0,0.33E0,0.579E0)
INSERT INTO CUSTOMER_SAMPLE VALUES(1525,26,851,116.148524E0,39.992367E0,0.058E0,0.107E0)
INSERT INTO CUSTOMER_SAMPLE VALUES(1526,27,645,116.55863E0,39.75517E0,1.351E0,3.659E0)
INSERT INTO CUSTOMER_SAMPLE VALUES(1527,28,977,116.383861E0,39.903875E0,0.028E0,0.097E0)
INSERT INTO CUSTOMER_SAMPLE VALUES(1528,29,601,116.280676E0,39.721303E0,0.023E0,0.133E0)
INSERT INTO CUSTOMER_SAMPLE VALUES(1529,30,810,116.526532E0,39.899001E0,0.034E0,0.074E0)
INSERT INTO CUSTOMER_SAMPLE VALUES(1530,31,406,116.316341E0,39.932548E0,0.209E0,0.34E0)
INSERT INTO CUSTOMER_SAMPLE VALUES(1531,32,400,116.490913E0,39.843332E0,0.191E0,0.313E0)
INSERT INTO CUSTOMER_SAMPLE VALUES(1532,33,182,116.67031E0,40.010024E0,0.023E0,0.047E0)
INSERT INTO CUSTOMER_SAMPLE VALUES(1533,34,484,116.459865E0,39.978054E0,0.039E0,0.061E0)
INSERT INTO CUSTOMER_SAMPLE VALUES(1534,35,276,116.506005E0,39.89894E0,0.532E0,0.796E0)
INSERT INTO CUSTOMER_SAMPLE VALUES(1535,36,359,116.22104E0,40.15586E0,1.735E0,2.888E0)
INSERT INTO CUSTOMER_SAMPLE VALUES(1536,37,947,116.5333E0,39.841656E0,0.167E0,0.261E0)
INSERT INTO CUSTOMER_SAMPLE VALUES(1537,38,215,116.396422E0,40.128545E0,0.08E0,0.165E0)
INSERT INTO CUSTOMER_SAMPLE VALUES(1538,39,616,116.547886E0,39.779557E0,0.449E0,0.68E0)
INSERT INTO CUSTOMER_SAMPLE VALUES(1539,40,221,116.627601E0,40.045276E0,0.531E0,1.185E0)
INSERT INTO CUSTOMER_SAMPLE VALUES(1540,41,299,116.240758E0,39.97297E0,0.03E0,0.083E0)
INSERT INTO CUSTOMER_SAMPLE VALUES(1541,42,833,116.115826E0,40.039261E0,0.07E0,0.157E0)
INSERT INTO CUSTOMER_SAMPLE VALUES(1542,43,184,116.231026E0,39.914807E0,1.758E0,2.767E0)
INSERT INTO CUSTOMER_SAMPLE VALUES(1543,44,604,116.648854E0,39.98607E0,0.035E0,0.082E0)
INSERT INTO CUSTOMER_SAMPLE VALUES(1544,45,443,116.336241E0,40.068432E0,0.175E0,0.5E0)
INSERT INTO CUSTOMER_SAMPLE VALUES(1545,46,283,116.614752E0,39.843468E0,0.148E0,0.431E0)
INSERT INTO CUSTOMER_SAMPLE VALUES(1546,47,51,116.17562E0,40.137607E0,0.05E0,0.262E0)
INSERT INTO CUSTOMER_SAMPLE VALUES(1547,48,109,116.188969E0,39.807586E0,0.163E0,0.485E0)
INSERT INTO CUSTOMER_SAMPLE VALUES(1548,49,331,116.131654E0,39.746487E0,0.062E0,0.361E0)
INSERT INTO CUSTOMER_SAMPLE VALUES(1549,50,842,116.391481E0,39.946034E0,0.226E0,0.393E0)
COMMIT
DISCONNECT
/*C2*/DISCONNECT
