/*C2*/SET SCHEMA PUBLIC
CREATE TABLE IF NOT EXISTS AL_CONFIGURATION ( PROPERTY_NAME VARCHAR(255) NOT NULL UNIQUE , PROPERTY_VALUE LONGVARCHAR ) 
CREATE TABLE IF NOT EXISTS AL_GROUPS ( GROUP_NAME VARCHAR(255) NOT NULL PRIMARY KEY , DESCRIPTION LONGVARCHAR ) 
CREATE TABLE IF NOT EXISTS AL_TABLES ( TABLE_NAME VARCHAR(255) NOT NULL PRIMARY KEY , GROUP_NAME VARCHAR(255) , DESCRIPTION LONGVARCHAR ) 
CREATE TABLE IF NOT EXISTS AL_CUSTOM_TYPE ( TABLE_NAME VARCHAR(255) , COLUMN_NAME VARCHAR(255) , TYPE VARCHAR(255) , NAME VARCHAR(255) ) 
CREATE TABLE IF NOT EXISTS AL_VIEWS ( VIEW_NAME VARCHAR(255) NOT NULL UNIQUE , VIEW_DEFINITION LONGVARCHAR , IS_VALID BOOLEAN ) 
CREATE TABLE IF NOT EXISTS AL_SELECTED_LOG_OBJECTS ( NAME VARCHAR(255) NOT NULL UNIQUE , TYPE VARCHAR(255) ) 
CREATE TABLE IF NOT EXISTS AL_DB_OBJECTS ( NAME VARCHAR(255) NOT NULL UNIQUE , TYPE VARCHAR(255) , USAGE VARCHAR(255) ) 
/*C3*/SET SCHEMA PUBLIC
DELETE FROM CUSTOMER_SAMPLE WHERE AL_ID=1250
DELETE FROM CUSTOMER_SAMPLE WHERE AL_ID=1251
DELETE FROM CUSTOMER_SAMPLE WHERE AL_ID=1252
DELETE FROM CUSTOMER_SAMPLE WHERE AL_ID=1253
DELETE FROM CUSTOMER_SAMPLE WHERE AL_ID=1254
DELETE FROM CUSTOMER_SAMPLE WHERE AL_ID=1255
DELETE FROM CUSTOMER_SAMPLE WHERE AL_ID=1256
DELETE FROM CUSTOMER_SAMPLE WHERE AL_ID=1257
DELETE FROM CUSTOMER_SAMPLE WHERE AL_ID=1258
DELETE FROM CUSTOMER_SAMPLE WHERE AL_ID=1259
DELETE FROM CUSTOMER_SAMPLE WHERE AL_ID=1260
DELETE FROM CUSTOMER_SAMPLE WHERE AL_ID=1261
DELETE FROM CUSTOMER_SAMPLE WHERE AL_ID=1262
DELETE FROM CUSTOMER_SAMPLE WHERE AL_ID=1263
DELETE FROM CUSTOMER_SAMPLE WHERE AL_ID=1264
DELETE FROM CUSTOMER_SAMPLE WHERE AL_ID=1265
DELETE FROM CUSTOMER_SAMPLE WHERE AL_ID=1266
DELETE FROM CUSTOMER_SAMPLE WHERE AL_ID=1267
DELETE FROM CUSTOMER_SAMPLE WHERE AL_ID=1268
DELETE FROM CUSTOMER_SAMPLE WHERE AL_ID=1269
DELETE FROM CUSTOMER_SAMPLE WHERE AL_ID=1270
DELETE FROM CUSTOMER_SAMPLE WHERE AL_ID=1271
DELETE FROM CUSTOMER_SAMPLE WHERE AL_ID=1272
DELETE FROM CUSTOMER_SAMPLE WHERE AL_ID=1273
DELETE FROM CUSTOMER_SAMPLE WHERE AL_ID=1274
DELETE FROM CUSTOMER_SAMPLE WHERE AL_ID=1275
DELETE FROM CUSTOMER_SAMPLE WHERE AL_ID=1276
DELETE FROM CUSTOMER_SAMPLE WHERE AL_ID=1277
DELETE FROM CUSTOMER_SAMPLE WHERE AL_ID=1278
DELETE FROM CUSTOMER_SAMPLE WHERE AL_ID=1279
DELETE FROM CUSTOMER_SAMPLE WHERE AL_ID=1280
DELETE FROM CUSTOMER_SAMPLE WHERE AL_ID=1281
DELETE FROM CUSTOMER_SAMPLE WHERE AL_ID=1282
DELETE FROM CUSTOMER_SAMPLE WHERE AL_ID=1283
DELETE FROM CUSTOMER_SAMPLE WHERE AL_ID=1284
DELETE FROM CUSTOMER_SAMPLE WHERE AL_ID=1285
DELETE FROM CUSTOMER_SAMPLE WHERE AL_ID=1286
DELETE FROM CUSTOMER_SAMPLE WHERE AL_ID=1287
DELETE FROM CUSTOMER_SAMPLE WHERE AL_ID=1288
DELETE FROM CUSTOMER_SAMPLE WHERE AL_ID=1289
DELETE FROM CUSTOMER_SAMPLE WHERE AL_ID=1290
DELETE FROM CUSTOMER_SAMPLE WHERE AL_ID=1291
DELETE FROM CUSTOMER_SAMPLE WHERE AL_ID=1292
DELETE FROM CUSTOMER_SAMPLE WHERE AL_ID=1293
DELETE FROM CUSTOMER_SAMPLE WHERE AL_ID=1294
DELETE FROM CUSTOMER_SAMPLE WHERE AL_ID=1295
DELETE FROM CUSTOMER_SAMPLE WHERE AL_ID=1296
DELETE FROM CUSTOMER_SAMPLE WHERE AL_ID=1297
DELETE FROM CUSTOMER_SAMPLE WHERE AL_ID=1298
DELETE FROM CUSTOMER_SAMPLE WHERE AL_ID=1299
INSERT INTO CUSTOMER_SAMPLE VALUES(1300,1,185,116.20296E0,40.0953E0,0.585E0,1.034E0)
INSERT INTO CUSTOMER_SAMPLE VALUES(1301,2,888,116.2381E0,40.109921E0,0.299E0,2.339E0)
INSERT INTO CUSTOMER_SAMPLE VALUES(1302,3,423,116.480968E0,39.799028E0,0.02E0,0.027E0)
INSERT INTO CUSTOMER_SAMPLE VALUES(1303,4,360,116.404202E0,39.871644E0,0.1E0,0.179E0)
INSERT INTO CUSTOMER_SAMPLE VALUES(1304,5,660,116.478334E0,40.011218E0,0.022E0,0.036E0)
INSERT INTO CUSTOMER_SAMPLE VALUES(1305,6,662,116.515665E0,40.024256E0,0.16E0,0.303E0)
INSERT INTO CUSTOMER_SAMPLE VALUES(1306,7,137,116.108802E0,39.759928E0,0.189E0,0.307E0)
INSERT INTO CUSTOMER_SAMPLE VALUES(1307,8,322,116.136891E0,39.708096E0,0.028E0,0.1E0)
INSERT INTO CUSTOMER_SAMPLE VALUES(1308,9,631,116.329853E0,40.07124E0,0.013E0,0.07E0)
INSERT INTO CUSTOMER_SAMPLE VALUES(1309,10,689,116.500231E0,39.829239E0,0.073E0,0.75E0)
INSERT INTO CUSTOMER_SAMPLE VALUES(1310,11,559,116.215001E0,39.708383E0,0.098E0,0.149E0)
INSERT INTO CUSTOMER_SAMPLE VALUES(1311,12,550,116.534073E0,39.91682E0,0.292E0,0.453E0)
INSERT INTO CUSTOMER_SAMPLE VALUES(1312,13,582,116.46074E0,40.024667E0,0.07E0,0.424E0)
INSERT INTO CUSTOMER_SAMPLE VALUES(1313,14,606,116.410587E0,39.828141E0,0.02E0,0.178E0)
INSERT INTO CUSTOMER_SAMPLE VALUES(1314,15,943,116.350866E0,39.85028E0,0.176E0,0.318E0)
INSERT INTO CUSTOMER_SAMPLE VALUES(1315,16,901,116.27139E0,40.01275E0,0.199E0,0.394E0)
INSERT INTO CUSTOMER_SAMPLE VALUES(1316,17,121,116.201915E0,40.035121E0,0.247E0,0.586E0)
INSERT INTO CUSTOMER_SAMPLE VALUES(1317,18,763,116.529017E0,39.853557E0,0.099E0,0.192E0)
INSERT INTO CUSTOMER_SAMPLE VALUES(1318,19,972,116.140968E0,39.832756E0,0.258E0,0.685E0)
INSERT INTO CUSTOMER_SAMPLE VALUES(1319,20,303,116.358717E0,40.008133E0,0.276E0,0.439E0)
INSERT INTO CUSTOMER_SAMPLE VALUES(1320,21,247,116.569061E0,40.066667E0,1.144E0,1.836E0)
INSERT INTO CUSTOMER_SAMPLE VALUES(1321,22,17,116.408698E0,39.766474E0,0.452E0,4.423E0)
INSERT INTO CUSTOMER_SAMPLE VALUES(1322,23,140,116.271488E0,39.722942E0,0.127E0,0.185E0)
INSERT INTO CUSTOMER_SAMPLE VALUES(1323,24,101,116.448991E0,39.850945E0,0.238E0,2.029E0)
INSERT INTO CUSTOMER_SAMPLE VALUES(1324,25,255,116.520156E0,39.944703E0,0.33E0,0.579E0)
INSERT INTO CUSTOMER_SAMPLE VALUES(1325,26,851,116.148524E0,39.992367E0,0.058E0,0.107E0)
INSERT INTO CUSTOMER_SAMPLE VALUES(1326,27,645,116.55863E0,39.75517E0,1.351E0,3.659E0)
INSERT INTO CUSTOMER_SAMPLE VALUES(1327,28,977,116.383861E0,39.903875E0,0.028E0,0.097E0)
INSERT INTO CUSTOMER_SAMPLE VALUES(1328,29,601,116.280676E0,39.721303E0,0.023E0,0.133E0)
INSERT INTO CUSTOMER_SAMPLE VALUES(1329,30,810,116.526532E0,39.899001E0,0.034E0,0.074E0)
INSERT INTO CUSTOMER_SAMPLE VALUES(1330,31,406,116.316341E0,39.932548E0,0.209E0,0.34E0)
INSERT INTO CUSTOMER_SAMPLE VALUES(1331,32,400,116.490913E0,39.843332E0,0.191E0,0.313E0)
INSERT INTO CUSTOMER_SAMPLE VALUES(1332,33,182,116.67031E0,40.010024E0,0.023E0,0.047E0)
INSERT INTO CUSTOMER_SAMPLE VALUES(1333,34,484,116.459865E0,39.978054E0,0.039E0,0.061E0)
INSERT INTO CUSTOMER_SAMPLE VALUES(1334,35,276,116.506005E0,39.89894E0,0.532E0,0.796E0)
INSERT INTO CUSTOMER_SAMPLE VALUES(1335,36,359,116.22104E0,40.15586E0,1.735E0,2.888E0)
INSERT INTO CUSTOMER_SAMPLE VALUES(1336,37,947,116.5333E0,39.841656E0,0.167E0,0.261E0)
INSERT INTO CUSTOMER_SAMPLE VALUES(1337,38,215,116.396422E0,40.128545E0,0.08E0,0.165E0)
INSERT INTO CUSTOMER_SAMPLE VALUES(1338,39,616,116.547886E0,39.779557E0,0.449E0,0.68E0)
INSERT INTO CUSTOMER_SAMPLE VALUES(1339,40,221,116.627601E0,40.045276E0,0.531E0,1.185E0)
INSERT INTO CUSTOMER_SAMPLE VALUES(1340,41,299,116.240758E0,39.97297E0,0.03E0,0.083E0)
INSERT INTO CUSTOMER_SAMPLE VALUES(1341,42,833,116.115826E0,40.039261E0,0.07E0,0.157E0)
INSERT INTO CUSTOMER_SAMPLE VALUES(1342,43,184,116.231026E0,39.914807E0,1.758E0,2.767E0)
INSERT INTO CUSTOMER_SAMPLE VALUES(1343,44,604,116.648854E0,39.98607E0,0.035E0,0.082E0)
INSERT INTO CUSTOMER_SAMPLE VALUES(1344,45,443,116.336241E0,40.068432E0,0.175E0,0.5E0)
INSERT INTO CUSTOMER_SAMPLE VALUES(1345,46,283,116.614752E0,39.843468E0,0.148E0,0.431E0)
INSERT INTO CUSTOMER_SAMPLE VALUES(1346,47,51,116.17562E0,40.137607E0,0.05E0,0.262E0)
INSERT INTO CUSTOMER_SAMPLE VALUES(1347,48,109,116.188969E0,39.807586E0,0.163E0,0.485E0)
INSERT INTO CUSTOMER_SAMPLE VALUES(1348,49,331,116.131654E0,39.746487E0,0.062E0,0.361E0)
INSERT INTO CUSTOMER_SAMPLE VALUES(1349,50,842,116.391481E0,39.946034E0,0.226E0,0.393E0)
COMMIT
DISCONNECT
/*C4*/SET SCHEMA PUBLIC
DELETE FROM CUSTOMER_SAMPLE WHERE AL_ID=1300
DELETE FROM CUSTOMER_SAMPLE WHERE AL_ID=1301
DELETE FROM CUSTOMER_SAMPLE WHERE AL_ID=1302
DELETE FROM CUSTOMER_SAMPLE WHERE AL_ID=1303
DELETE FROM CUSTOMER_SAMPLE WHERE AL_ID=1304
DELETE FROM CUSTOMER_SAMPLE WHERE AL_ID=1305
DELETE FROM CUSTOMER_SAMPLE WHERE AL_ID=1306
DELETE FROM CUSTOMER_SAMPLE WHERE AL_ID=1307
DELETE FROM CUSTOMER_SAMPLE WHERE AL_ID=1308
DELETE FROM CUSTOMER_SAMPLE WHERE AL_ID=1309
DELETE FROM CUSTOMER_SAMPLE WHERE AL_ID=1310
DELETE FROM CUSTOMER_SAMPLE WHERE AL_ID=1311
DELETE FROM CUSTOMER_SAMPLE WHERE AL_ID=1312
DELETE FROM CUSTOMER_SAMPLE WHERE AL_ID=1313
DELETE FROM CUSTOMER_SAMPLE WHERE AL_ID=1314
DELETE FROM CUSTOMER_SAMPLE WHERE AL_ID=1315
DELETE FROM CUSTOMER_SAMPLE WHERE AL_ID=1316
DELETE FROM CUSTOMER_SAMPLE WHERE AL_ID=1317
DELETE FROM CUSTOMER_SAMPLE WHERE AL_ID=1318
DELETE FROM CUSTOMER_SAMPLE WHERE AL_ID=1319
DELETE FROM CUSTOMER_SAMPLE WHERE AL_ID=1320
DELETE FROM CUSTOMER_SAMPLE WHERE AL_ID=1321
DELETE FROM CUSTOMER_SAMPLE WHERE AL_ID=1322
DELETE FROM CUSTOMER_SAMPLE WHERE AL_ID=1323
DELETE FROM CUSTOMER_SAMPLE WHERE AL_ID=1324
DELETE FROM CUSTOMER_SAMPLE WHERE AL_ID=1325
DELETE FROM CUSTOMER_SAMPLE WHERE AL_ID=1326
DELETE FROM CUSTOMER_SAMPLE WHERE AL_ID=1327
DELETE FROM CUSTOMER_SAMPLE WHERE AL_ID=1328
DELETE FROM CUSTOMER_SAMPLE WHERE AL_ID=1329
DELETE FROM CUSTOMER_SAMPLE WHERE AL_ID=1330
DELETE FROM CUSTOMER_SAMPLE WHERE AL_ID=1331
DELETE FROM CUSTOMER_SAMPLE WHERE AL_ID=1332
DELETE FROM CUSTOMER_SAMPLE WHERE AL_ID=1333
DELETE FROM CUSTOMER_SAMPLE WHERE AL_ID=1334
DELETE FROM CUSTOMER_SAMPLE WHERE AL_ID=1335
DELETE FROM CUSTOMER_SAMPLE WHERE AL_ID=1336
DELETE FROM CUSTOMER_SAMPLE WHERE AL_ID=1337
DELETE FROM CUSTOMER_SAMPLE WHERE AL_ID=1338
DELETE FROM CUSTOMER_SAMPLE WHERE AL_ID=1339
DELETE FROM CUSTOMER_SAMPLE WHERE AL_ID=1340
DELETE FROM CUSTOMER_SAMPLE WHERE AL_ID=1341
DELETE FROM CUSTOMER_SAMPLE WHERE AL_ID=1342
DELETE FROM CUSTOMER_SAMPLE WHERE AL_ID=1343
DELETE FROM CUSTOMER_SAMPLE WHERE AL_ID=1344
DELETE FROM CUSTOMER_SAMPLE WHERE AL_ID=1345
DELETE FROM CUSTOMER_SAMPLE WHERE AL_ID=1346
DELETE FROM CUSTOMER_SAMPLE WHERE AL_ID=1347
DELETE FROM CUSTOMER_SAMPLE WHERE AL_ID=1348
DELETE FROM CUSTOMER_SAMPLE WHERE AL_ID=1349
INSERT INTO CUSTOMER_SAMPLE VALUES(1350,1,185,116.20296E0,40.0953E0,0.585E0,1.034E0)
INSERT INTO CUSTOMER_SAMPLE VALUES(1351,2,888,116.2381E0,40.109921E0,0.299E0,2.339E0)
INSERT INTO CUSTOMER_SAMPLE VALUES(1352,3,423,116.480968E0,39.799028E0,0.02E0,0.027E0)
INSERT INTO CUSTOMER_SAMPLE VALUES(1353,4,360,116.404202E0,39.871644E0,0.1E0,0.179E0)
INSERT INTO CUSTOMER_SAMPLE VALUES(1354,5,660,116.478334E0,40.011218E0,0.022E0,0.036E0)
INSERT INTO CUSTOMER_SAMPLE VALUES(1355,6,662,116.515665E0,40.024256E0,0.16E0,0.303E0)
INSERT INTO CUSTOMER_SAMPLE VALUES(1356,7,137,116.108802E0,39.759928E0,0.189E0,0.307E0)
INSERT INTO CUSTOMER_SAMPLE VALUES(1357,8,322,116.136891E0,39.708096E0,0.028E0,0.1E0)
INSERT INTO CUSTOMER_SAMPLE VALUES(1358,9,631,116.329853E0,40.07124E0,0.013E0,0.07E0)
INSERT INTO CUSTOMER_SAMPLE VALUES(1359,10,689,116.500231E0,39.829239E0,0.073E0,0.75E0)
INSERT INTO CUSTOMER_SAMPLE VALUES(1360,11,559,116.215001E0,39.708383E0,0.098E0,0.149E0)
INSERT INTO CUSTOMER_SAMPLE VALUES(1361,12,550,116.534073E0,39.91682E0,0.292E0,0.453E0)
INSERT INTO CUSTOMER_SAMPLE VALUES(1362,13,582,116.46074E0,40.024667E0,0.07E0,0.424E0)
INSERT INTO CUSTOMER_SAMPLE VALUES(1363,14,606,116.410587E0,39.828141E0,0.02E0,0.178E0)
INSERT INTO CUSTOMER_SAMPLE VALUES(1364,15,943,116.350866E0,39.85028E0,0.176E0,0.318E0)
INSERT INTO CUSTOMER_SAMPLE VALUES(1365,16,901,116.27139E0,40.01275E0,0.199E0,0.394E0)
INSERT INTO CUSTOMER_SAMPLE VALUES(1366,17,121,116.201915E0,40.035121E0,0.247E0,0.586E0)
INSERT INTO CUSTOMER_SAMPLE VALUES(1367,18,763,116.529017E0,39.853557E0,0.099E0,0.192E0)
INSERT INTO CUSTOMER_SAMPLE VALUES(1368,19,972,116.140968E0,39.832756E0,0.258E0,0.685E0)
INSERT INTO CUSTOMER_SAMPLE VALUES(1369,20,303,116.358717E0,40.008133E0,0.276E0,0.439E0)
INSERT INTO CUSTOMER_SAMPLE VALUES(1370,21,247,116.569061E0,40.066667E0,1.144E0,1.836E0)
INSERT INTO CUSTOMER_SAMPLE VALUES(1371,22,17,116.408698E0,39.766474E0,0.452E0,4.423E0)
INSERT INTO CUSTOMER_SAMPLE VALUES(1372,23,140,116.271488E0,39.722942E0,0.127E0,0.185E0)
INSERT INTO CUSTOMER_SAMPLE VALUES(1373,24,101,116.448991E0,39.850945E0,0.238E0,2.029E0)
INSERT INTO CUSTOMER_SAMPLE VALUES(1374,25,255,116.520156E0,39.944703E0,0.33E0,0.579E0)
INSERT INTO CUSTOMER_SAMPLE VALUES(1375,26,851,116.148524E0,39.992367E0,0.058E0,0.107E0)
INSERT INTO CUSTOMER_SAMPLE VALUES(1376,27,645,116.55863E0,39.75517E0,1.351E0,3.659E0)
INSERT INTO CUSTOMER_SAMPLE VALUES(1377,28,977,116.383861E0,39.903875E0,0.028E0,0.097E0)
INSERT INTO CUSTOMER_SAMPLE VALUES(1378,29,601,116.280676E0,39.721303E0,0.023E0,0.133E0)
INSERT INTO CUSTOMER_SAMPLE VALUES(1379,30,810,116.526532E0,39.899001E0,0.034E0,0.074E0)
INSERT INTO CUSTOMER_SAMPLE VALUES(1380,31,406,116.316341E0,39.932548E0,0.209E0,0.34E0)
INSERT INTO CUSTOMER_SAMPLE VALUES(1381,32,400,116.490913E0,39.843332E0,0.191E0,0.313E0)
INSERT INTO CUSTOMER_SAMPLE VALUES(1382,33,182,116.67031E0,40.010024E0,0.023E0,0.047E0)
INSERT INTO CUSTOMER_SAMPLE VALUES(1383,34,484,116.459865E0,39.978054E0,0.039E0,0.061E0)
INSERT INTO CUSTOMER_SAMPLE VALUES(1384,35,276,116.506005E0,39.89894E0,0.532E0,0.796E0)
INSERT INTO CUSTOMER_SAMPLE VALUES(1385,36,359,116.22104E0,40.15586E0,1.735E0,2.888E0)
INSERT INTO CUSTOMER_SAMPLE VALUES(1386,37,947,116.5333E0,39.841656E0,0.167E0,0.261E0)
INSERT INTO CUSTOMER_SAMPLE VALUES(1387,38,215,116.396422E0,40.128545E0,0.08E0,0.165E0)
INSERT INTO CUSTOMER_SAMPLE VALUES(1388,39,616,116.547886E0,39.779557E0,0.449E0,0.68E0)
INSERT INTO CUSTOMER_SAMPLE VALUES(1389,40,221,116.627601E0,40.045276E0,0.531E0,1.185E0)
INSERT INTO CUSTOMER_SAMPLE VALUES(1390,41,299,116.240758E0,39.97297E0,0.03E0,0.083E0)
INSERT INTO CUSTOMER_SAMPLE VALUES(1391,42,833,116.115826E0,40.039261E0,0.07E0,0.157E0)
INSERT INTO CUSTOMER_SAMPLE VALUES(1392,43,184,116.231026E0,39.914807E0,1.758E0,2.767E0)
INSERT INTO CUSTOMER_SAMPLE VALUES(1393,44,604,116.648854E0,39.98607E0,0.035E0,0.082E0)
INSERT INTO CUSTOMER_SAMPLE VALUES(1394,45,443,116.336241E0,40.068432E0,0.175E0,0.5E0)
INSERT INTO CUSTOMER_SAMPLE VALUES(1395,46,283,116.614752E0,39.843468E0,0.148E0,0.431E0)
INSERT INTO CUSTOMER_SAMPLE VALUES(1396,47,51,116.17562E0,40.137607E0,0.05E0,0.262E0)
INSERT INTO CUSTOMER_SAMPLE VALUES(1397,48,109,116.188969E0,39.807586E0,0.163E0,0.485E0)
INSERT INTO CUSTOMER_SAMPLE VALUES(1398,49,331,116.131654E0,39.746487E0,0.062E0,0.361E0)
INSERT INTO CUSTOMER_SAMPLE VALUES(1399,50,842,116.391481E0,39.946034E0,0.226E0,0.393E0)
COMMIT
DISCONNECT
/*C2*/DISCONNECT
