\BOOKMARK [1][-]{section.1}{INTRODUCTION}{}% 1
\BOOKMARK [1][-]{section.2}{GENERAL GUIDELINES}{}% 2
\BOOKMARK [2][-]{subsection.2.1}{Language}{section.2}% 3
\BOOKMARK [2][-]{subsection.2.2}{Objectivity}{section.2}% 4
\BOOKMARK [2][-]{subsection.2.3}{Paper Submission}{section.2}% 5
\BOOKMARK [2][-]{subsection.2.4}{Length Constraints}{section.2}% 6
\BOOKMARK [3][-]{subsubsection.2.4.1}{ \040Length of the Abstract}{subsection.2.4}% 7
\BOOKMARK [3][-]{subsubsection.2.4.2}{ \040Length of the Paper}{subsection.2.4}% 8
\BOOKMARK [3][-]{subsubsection.2.4.3}{ \040Font Specification and Spacing}{subsection.2.4}% 9
\BOOKMARK [3][-]{subsubsection.2.4.4}{ \040Margins}{subsection.2.4}% 10
\BOOKMARK [3][-]{subsubsection.2.4.5}{ \040Justification}{subsection.2.4}% 11
\BOOKMARK [2][-]{subsection.2.5}{Headings of Sections, Subsections, and Subsubsections}{section.2}% 12
\BOOKMARK [3][-]{subsubsection.2.5.1}{ \040Paragraphs}{subsection.2.5}% 13
\BOOKMARK [3][-]{subsubsection.2.5.2}{ \040Footnotes}{subsection.2.5}% 14
\BOOKMARK [3][-]{subsubsection.2.5.3}{ \040Page Numbers}{subsection.2.5}% 15
\BOOKMARK [1][-]{section.3}{FORMATTING THE FIRST PAGE}{}% 16
\BOOKMARK [2][-]{subsection.3.1}{Running Heads}{section.3}% 17
\BOOKMARK [2][-]{subsection.3.2}{Title and Authors}{section.3}% 18
\BOOKMARK [1][-]{section.4}{FORMATTING SUBSEQUENT PAGES}{}% 19
\BOOKMARK [2][-]{subsection.4.1}{Mathematical Expressions in Text and in Displays}{section.4}% 20
\BOOKMARK [2][-]{subsection.4.2}{Displayed Lists}{section.4}% 21
\BOOKMARK [2][-]{subsection.4.3}{Definitions and Theorems}{section.4}% 22
\BOOKMARK [2][-]{subsection.4.4}{Figures and Tables}{section.4}% 23
\BOOKMARK [2][-]{subsection.4.5}{Hyperlinks}{section.4}% 24
\BOOKMARK [2][-]{subsection.4.6}{Citing a Reference}{section.4}% 25
\BOOKMARK [2][-]{subsection.4.7}{List of References}{section.4}% 26
\BOOKMARK [1][-]{section.5}{USING BIBTeX}{}% 27
\BOOKMARK [2][-]{subsection.5.1}{Set Up the BIBTeX Input Files}{section.5}% 28
\BOOKMARK [2][-]{subsection.5.2}{Use the Citation Macros}{section.5}% 29
\BOOKMARK [2][-]{subsection.5.3}{Generate the Bibliography File}{section.5}% 30
\BOOKMARK [1][-]{section.6}{AUTHOR CHECKLIST}{}% 31
\BOOKMARK [1][-]{appendix.A}{APPENDICES}{}% 32
\BOOKMARK [1][-]{appendix.B}{GETTING HELP}{}% 33
\BOOKMARK [1][-]{appendix.C}{MOST OBSERVED MISTAKES}{}% 34
